<?xml version="1.0" encoding="UTF-8"?>
<!-- Generated by org.testng.reporters.JUnitXMLReporter -->
<testsuite ignored="0" hostname="DESKTOP-HIOUSGQ" failures="0" tests="10" name="Default test" time="41.301" errors="0" timestamp="2025-06-18T10:30:05 EET">
  <testcase classname="FinalProject.FinalProject.AppTest" name="HomepageAccessibility" time="0.053"/>
  <testcase classname="FinalProject.FinalProject.AppTest" name="UserRegistrationProcess" time="7.992"/>
  <testcase classname="FinalProject.FinalProject.AppTest" name="UserLoginFunctionality" time="4.692"/>
  <testcase classname="FinalProject.FinalProject.AppTest" name="ProductSearchFunctionality" time="1.316"/>
  <testcase classname="FinalProject.FinalProject.AppTest" name="FilteringSearchResults" time="1.598"/>
  <testcase classname="FinalProject.FinalProject.AppTest" name="ViewingProductDetails" time="3.837"/>
  <testcase classname="FinalProject.FinalProject.AppTest" name="AddingProductsToCart" time="2.898"/>
  <testcase classname="FinalProject.FinalProject.AppTest" name="ViewingAndModifyingShoppingCart" time="1.866"/>
  <testcase classname="FinalProject.FinalProject.AppTest" name="ProceedingToCheckout" time="8.264"/>
  <testcase classname="FinalProject.FinalProject.AppTest" name="ContactFormSubmission" time="6.061"/>
</testsuite> <!-- Default test -->
