<?xml version="1.0" encoding="UTF-8"?>
<!-- Generated by org.testng.reporters.JUnitXMLReporter -->
<testsuite ignored="0" hostname="DESKTOP-HIOUSGQ" failures="0" tests="10" name="Default test" time="44.201" errors="0" timestamp="2025-06-23T18:51:58 EET">
  <testcase classname="FinalProject.FinalProject.AppTest" name="HomepageAccessibility" time="0.24"/>
  <testcase classname="FinalProject.FinalProject.AppTest" name="UserRegistrationProcess" time="8.42"/>
  <testcase classname="FinalProject.FinalProject.AppTest" name="UserLoginFunctionality" time="5.454"/>
  <testcase classname="FinalProject.FinalProject.AppTest" name="ProductSearchFunctionality" time="1.03"/>
  <testcase classname="FinalProject.FinalProject.AppTest" name="FilteringSearchResults" time="1.583"/>
  <testcase classname="FinalProject.FinalProject.AppTest" name="ViewingProductDetails" time="4.424"/>
  <testcase classname="FinalProject.FinalProject.AppTest" name="AddingProductsToCart" time="2.135"/>
  <testcase classname="FinalProject.FinalProject.AppTest" name="ViewingAndModifyingShoppingCart" time="1.873"/>
  <testcase classname="FinalProject.FinalProject.AppTest" name="ProceedingToCheckout" time="8.941"/>
  <testcase classname="FinalProject.FinalProject.AppTest" name="ContactFormSubmission" time="6.594"/>
</testsuite> <!-- Default test -->
