<?xml version="1.0" encoding="UTF-8"?>
<testng-results ignored="0" total="10" passed="10" failed="0" skipped="0">
  <reporter-output>
  </reporter-output>
  <suite started-at="2025-06-23T18:51:14 EET" name="Default suite" finished-at="2025-06-23T18:51:58 EET" duration-ms="44201">
    <groups>
    </groups>
    <test started-at="2025-06-23T18:51:14 EET" name="Default test" finished-at="2025-06-23T18:51:58 EET" duration-ms="44201">
      <class name="FinalProject.FinalProject.AppTest">
        <test-method is-config="true" signature="mySetup()[pri:0, instance:FinalProject.FinalProject.AppTest@19648c40]" started-at="2025-06-23T18:51:14 EET" name="mySetup" finished-at="2025-06-23T18:51:17 EET" duration-ms="3191" status="PASS">
          <reporter-output>
          </reporter-output>
        </test-method> <!-- mySetup -->
        <test-method signature="HomepageAccessibility()[pri:1, instance:FinalProject.FinalProject.AppTest@19648c40]" started-at="2025-06-23T18:51:17 EET" name="HomepageAccessibility" finished-at="2025-06-23T18:51:17 EET" duration-ms="240" status="PASS">
          <reporter-output>
          </reporter-output>
        </test-method> <!-- HomepageAccessibility -->
        <test-method signature="UserRegistrationProcess()[pri:2, instance:FinalProject.FinalProject.AppTest@19648c40]" started-at="2025-06-23T18:51:17 EET" name="UserRegistrationProcess" finished-at="2025-06-23T18:51:25 EET" duration-ms="8420" status="PASS">
          <reporter-output>
          </reporter-output>
        </test-method> <!-- UserRegistrationProcess -->
        <test-method signature="UserLoginFunctionality()[pri:3, instance:FinalProject.FinalProject.AppTest@19648c40]" started-at="2025-06-23T18:51:25 EET" name="UserLoginFunctionality" finished-at="2025-06-23T18:51:31 EET" duration-ms="5454" status="PASS">
          <reporter-output>
          </reporter-output>
        </test-method> <!-- UserLoginFunctionality -->
        <test-method signature="ProductSearchFunctionality()[pri:4, instance:FinalProject.FinalProject.AppTest@19648c40]" started-at="2025-06-23T18:51:31 EET" name="ProductSearchFunctionality" finished-at="2025-06-23T18:51:32 EET" duration-ms="1030" status="PASS">
          <reporter-output>
          </reporter-output>
        </test-method> <!-- ProductSearchFunctionality -->
        <test-method signature="FilteringSearchResults()[pri:5, instance:FinalProject.FinalProject.AppTest@19648c40]" started-at="2025-06-23T18:51:32 EET" name="FilteringSearchResults" finished-at="2025-06-23T18:51:34 EET" duration-ms="1583" status="PASS">
          <reporter-output>
          </reporter-output>
        </test-method> <!-- FilteringSearchResults -->
        <test-method signature="ViewingProductDetails()[pri:6, instance:FinalProject.FinalProject.AppTest@19648c40]" started-at="2025-06-23T18:51:34 EET" name="ViewingProductDetails" finished-at="2025-06-23T18:51:38 EET" duration-ms="4424" status="PASS">
          <reporter-output>
          </reporter-output>
        </test-method> <!-- ViewingProductDetails -->
        <test-method signature="AddingProductsToCart()[pri:7, instance:FinalProject.FinalProject.AppTest@19648c40]" started-at="2025-06-23T18:51:38 EET" name="AddingProductsToCart" finished-at="2025-06-23T18:51:40 EET" duration-ms="2135" status="PASS">
          <reporter-output>
          </reporter-output>
        </test-method> <!-- AddingProductsToCart -->
        <test-method signature="ViewingAndModifyingShoppingCart()[pri:8, instance:FinalProject.FinalProject.AppTest@19648c40]" started-at="2025-06-23T18:51:40 EET" name="ViewingAndModifyingShoppingCart" finished-at="2025-06-23T18:51:42 EET" duration-ms="1873" status="PASS">
          <reporter-output>
          </reporter-output>
        </test-method> <!-- ViewingAndModifyingShoppingCart -->
        <test-method signature="ProceedingToCheckout()[pri:9, instance:FinalProject.FinalProject.AppTest@19648c40]" started-at="2025-06-23T18:51:42 EET" name="ProceedingToCheckout" finished-at="2025-06-23T18:51:51 EET" duration-ms="8941" status="PASS">
          <reporter-output>
          </reporter-output>
        </test-method> <!-- ProceedingToCheckout -->
        <test-method signature="ContactFormSubmission()[pri:10, instance:FinalProject.FinalProject.AppTest@19648c40]" started-at="2025-06-23T18:51:51 EET" name="ContactFormSubmission" finished-at="2025-06-23T18:51:57 EET" duration-ms="6594" status="PASS">
          <reporter-output>
          </reporter-output>
        </test-method> <!-- ContactFormSubmission -->
        <test-method is-config="true" signature="tearDown()[pri:0, instance:FinalProject.FinalProject.AppTest@19648c40]" started-at="2025-06-23T18:51:57 EET" name="tearDown" finished-at="2025-06-23T18:51:58 EET" duration-ms="264" status="PASS">
          <reporter-output>
          </reporter-output>
        </test-method> <!-- tearDown -->
      </class> <!-- FinalProject.FinalProject.AppTest -->
    </test> <!-- Default test -->
  </suite> <!-- Default suite -->
</testng-results>
